app/build/intermediates/manifest_merge_blame_file/debug/manifest-merger-blame-debug-report.txt
1<?xml version="1.0" encoding="utf-8"?>
2<manifest xmlns:android="http://schemas.android.com/apk/res/android"
3    package="com.tiation.riggerhire"
4    android:versionCode="1"
5    android:versionName="1.0" >
6
7    <uses-sdk
8        android:minSdkVersion="24"
9        android:targetSdkVersion="34" />
10
11    <uses-permission android:name="android.permission.INTERNET" />
11-->src/main/AndroidManifest.xml:4:5-67
11-->src/main/AndroidManifest.xml:4:22-64
12    <uses-permission android:name="android.permission.ACCESS_NETWORK_STATE" />
12-->src/main/AndroidManifest.xml:5:5-79
12-->src/main/AndroidManifest.xml:5:22-76
13    <uses-permission android:name="android.permission.ACCESS_FINE_LOCATION" />
13-->src/main/AndroidManifest.xml:6:5-79
13-->src/main/AndroidManifest.xml:6:22-76
14    <uses-permission android:name="android.permission.ACCESS_COARSE_LOCATION" />
14-->src/main/AndroidManifest.xml:7:5-81
14-->src/main/AndroidManifest.xml:7:22-78
15    <uses-permission android:name="android.permission.CAMERA" />
15-->src/main/AndroidManifest.xml:8:5-65
15-->src/main/AndroidManifest.xml:8:22-62
16    <uses-permission android:name="android.permission.READ_EXTERNAL_STORAGE" />
16-->src/main/AndroidManifest.xml:9:5-80
16-->src/main/AndroidManifest.xml:9:22-77
17    <uses-permission android:name="android.permission.WRITE_EXTERNAL_STORAGE" />
17-->src/main/AndroidManifest.xml:10:5-81
17-->src/main/AndroidManifest.xml:10:22-78
18
19    <!-- See https://developer.android.com/training/package-visibility/declaring for more details. -->
20    <queries>
20-->[com.stripe:payments-core:20.25.0] AndroidManifest.xml:8:5-12:15
21
22        <!-- Added to check if Chrome is installed for browser-based payment authentication (e.g. 3DS1). -->
23        <package android:name="com.android.chrome" />
23-->[com.stripe:payments-core:20.25.0] AndroidManifest.xml:11:9-54
23-->[com.stripe:payments-core:20.25.0] AndroidManifest.xml:11:18-51
24        <!-- Added to check the default browser that will host the AuthFlow. -->
25        <intent>
25-->[com.stripe:financial-connections:20.25.0] AndroidManifest.xml:13:9-17:18
26            <action android:name="android.intent.action.VIEW" />
26-->[com.stripe:payments-core:20.25.0] AndroidManifest.xml:52:17-69
26-->[com.stripe:payments-core:20.25.0] AndroidManifest.xml:52:25-66
27
28            <data android:scheme="http" />
28-->[com.stripe:payments-core:20.25.0] AndroidManifest.xml:58:17-61:50
28-->[com.stripe:payments-core:20.25.0] AndroidManifest.xml:61:21-47
29        </intent> <!-- Needs to be explicitly declared on Android R+ -->
30        <package android:name="com.google.android.apps.maps" />
30-->[com.google.android.gms:play-services-maps:18.2.0] AndroidManifest.xml:33:9-64
30-->[com.google.android.gms:play-services-maps:18.2.0] AndroidManifest.xml:33:18-61
31    </queries>
32
33    <uses-permission android:name="android.permission.USE_BIOMETRIC" /> <!-- suppress DeprecatedClassUsageInspection -->
33-->[androidx.biometric:biometric:1.1.0] AndroidManifest.xml:24:5-72
33-->[androidx.biometric:biometric:1.1.0] AndroidManifest.xml:24:22-69
34    <uses-permission android:name="android.permission.USE_FINGERPRINT" />
34-->[androidx.biometric:biometric:1.1.0] AndroidManifest.xml:27:5-74
34-->[androidx.biometric:biometric:1.1.0] AndroidManifest.xml:27:22-71
35    <uses-permission android:name="android.permission.WAKE_LOCK" />
35-->[androidx.work:work-runtime:2.9.0] AndroidManifest.xml:23:5-68
35-->[androidx.work:work-runtime:2.9.0] AndroidManifest.xml:23:22-65
36    <uses-permission android:name="android.permission.RECEIVE_BOOT_COMPLETED" />
36-->[androidx.work:work-runtime:2.9.0] AndroidManifest.xml:25:5-81
36-->[androidx.work:work-runtime:2.9.0] AndroidManifest.xml:25:22-78
37    <uses-permission android:name="android.permission.FOREGROUND_SERVICE" />
37-->[androidx.work:work-runtime:2.9.0] AndroidManifest.xml:26:5-77
37-->[androidx.work:work-runtime:2.9.0] AndroidManifest.xml:26:22-74
38    <uses-permission android:name="com.google.android.finsky.permission.BIND_GET_INSTALL_REFERRER_SERVICE" />
38-->[com.google.android.gms:play-services-measurement:21.5.0] AndroidManifest.xml:26:5-110
38-->[com.google.android.gms:play-services-measurement:21.5.0] AndroidManifest.xml:26:22-107
39    <uses-permission android:name="android.permission.POST_NOTIFICATIONS" /> <!-- Required by older versions of Google Play services to create IID tokens -->
39-->[com.google.firebase:firebase-messaging:23.4.0] AndroidManifest.xml:23:5-77
39-->[com.google.firebase:firebase-messaging:23.4.0] AndroidManifest.xml:23:22-74
40    <uses-permission android:name="com.google.android.c2dm.permission.RECEIVE" />
40-->[com.google.firebase:firebase-messaging:23.4.0] AndroidManifest.xml:26:5-82
40-->[com.google.firebase:firebase-messaging:23.4.0] AndroidManifest.xml:26:22-79
41    <uses-permission android:name="com.google.android.gms.permission.AD_ID" />
41-->[com.google.android.gms:play-services-measurement-impl:21.5.0] AndroidManifest.xml:27:5-79
41-->[com.google.android.gms:play-services-measurement-impl:21.5.0] AndroidManifest.xml:27:22-76
42
43    <uses-feature
43-->[com.google.android.gms:play-services-maps:18.2.0] AndroidManifest.xml:26:5-28:35
44        android:glEsVersion="0x00020000"
44-->[com.google.android.gms:play-services-maps:18.2.0] AndroidManifest.xml:27:9-41
45        android:required="true" />
45-->[com.google.android.gms:play-services-maps:18.2.0] AndroidManifest.xml:28:9-32
46
47    <uses-permission android:name="android.permission.ACCESS_ADSERVICES_ATTRIBUTION" />
47-->[com.google.android.gms:play-services-measurement-api:21.5.0] AndroidManifest.xml:26:5-88
47-->[com.google.android.gms:play-services-measurement-api:21.5.0] AndroidManifest.xml:26:22-85
48    <uses-permission android:name="android.permission.ACCESS_ADSERVICES_AD_ID" />
48-->[com.google.android.gms:play-services-measurement-api:21.5.0] AndroidManifest.xml:27:5-82
48-->[com.google.android.gms:play-services-measurement-api:21.5.0] AndroidManifest.xml:27:22-79
49
50    <permission
50-->[androidx.core:core:1.12.0] AndroidManifest.xml:22:5-24:47
51        android:name="com.tiation.riggerhire.DYNAMIC_RECEIVER_NOT_EXPORTED_PERMISSION"
51-->[androidx.core:core:1.12.0] AndroidManifest.xml:23:9-81
52        android:protectionLevel="signature" />
52-->[androidx.core:core:1.12.0] AndroidManifest.xml:24:9-44
53
54    <uses-permission android:name="com.tiation.riggerhire.DYNAMIC_RECEIVER_NOT_EXPORTED_PERMISSION" />
54-->[androidx.core:core:1.12.0] AndroidManifest.xml:26:5-97
54-->[androidx.core:core:1.12.0] AndroidManifest.xml:26:22-94
55
56    <application
56-->src/main/AndroidManifest.xml:12:5-75:19
57        android:name="com.tiation.riggerhire.RiggerHireApplication"
57-->src/main/AndroidManifest.xml:13:9-46
58        android:allowBackup="true"
58-->src/main/AndroidManifest.xml:14:9-35
59        android:appComponentFactory="androidx.core.app.CoreComponentFactory"
59-->[androidx.core:core:1.12.0] AndroidManifest.xml:28:18-86
60        android:dataExtractionRules="@xml/data_extraction_rules"
60-->src/main/AndroidManifest.xml:15:9-65
61        android:debuggable="true"
62        android:extractNativeLibs="false"
63        android:fullBackupContent="@xml/backup_rules"
63-->src/main/AndroidManifest.xml:16:9-54
64        android:icon="@mipmap/ic_launcher"
64-->src/main/AndroidManifest.xml:17:9-43
65        android:label="@string/app_name"
65-->src/main/AndroidManifest.xml:18:9-41
66        android:roundIcon="@mipmap/ic_launcher_round"
66-->src/main/AndroidManifest.xml:19:9-54
67        android:supportsRtl="true"
67-->src/main/AndroidManifest.xml:20:9-35
68        android:theme="@style/Theme.RiggerHire.Dark"
68-->src/main/AndroidManifest.xml:21:9-53
69        android:usesCleartextTraffic="true" >
69-->src/main/AndroidManifest.xml:22:9-44
70        <activity
70-->src/main/AndroidManifest.xml:25:9-33:20
71            android:name="com.tiation.riggerhire.ui.MainActivity"
71-->src/main/AndroidManifest.xml:26:13-44
72            android:exported="true"
72-->src/main/AndroidManifest.xml:27:13-36
73            android:theme="@style/Theme.RiggerHire.Dark" >
73-->src/main/AndroidManifest.xml:28:13-57
74            <intent-filter>
74-->src/main/AndroidManifest.xml:29:13-32:29
75                <action android:name="android.intent.action.MAIN" />
75-->src/main/AndroidManifest.xml:30:17-69
75-->src/main/AndroidManifest.xml:30:25-66
76
77                <category android:name="android.intent.category.LAUNCHER" />
77-->src/main/AndroidManifest.xml:31:17-77
77-->src/main/AndroidManifest.xml:31:27-74
78            </intent-filter>
79        </activity>
80        <activity
80-->src/main/AndroidManifest.xml:35:9-38:60
81            android:name="com.tiation.riggerhire.ui.auth.LoginActivity"
81-->src/main/AndroidManifest.xml:36:13-50
82            android:exported="false"
82-->src/main/AndroidManifest.xml:37:13-37
83            android:theme="@style/Theme.RiggerHire.Dark" />
83-->src/main/AndroidManifest.xml:38:13-57
84        <activity
84-->src/main/AndroidManifest.xml:40:9-43:60
85            android:name="com.tiation.riggerhire.ui.auth.RegisterActivity"
85-->src/main/AndroidManifest.xml:41:13-53
86            android:exported="false"
86-->src/main/AndroidManifest.xml:42:13-37
87            android:theme="@style/Theme.RiggerHire.Dark" />
87-->src/main/AndroidManifest.xml:43:13-57
88        <activity
88-->src/main/AndroidManifest.xml:45:9-48:60
89            android:name="com.tiation.riggerhire.ui.jobs.JobDetailActivity"
89-->src/main/AndroidManifest.xml:46:13-54
90            android:exported="false"
90-->src/main/AndroidManifest.xml:47:13-37
91            android:theme="@style/Theme.RiggerHire.Dark" />
91-->src/main/AndroidManifest.xml:48:13-57
92        <activity
92-->src/main/AndroidManifest.xml:50:9-53:60
93            android:name="com.tiation.riggerhire.ui.jobs.JobsListActivity"
93-->src/main/AndroidManifest.xml:51:13-53
94            android:exported="false"
94-->src/main/AndroidManifest.xml:52:13-37
95            android:theme="@style/Theme.RiggerHire.Dark" />
95-->src/main/AndroidManifest.xml:53:13-57
96        <activity
96-->src/main/AndroidManifest.xml:55:9-58:60
97            android:name="com.tiation.riggerhire.ui.payments.PaymentsActivity"
97-->src/main/AndroidManifest.xml:56:13-57
98            android:exported="false"
98-->src/main/AndroidManifest.xml:57:13-37
99            android:theme="@style/Theme.RiggerHire.Dark" />
99-->src/main/AndroidManifest.xml:58:13-57
100        <activity
100-->src/main/AndroidManifest.xml:60:9-63:60
101            android:name="com.tiation.riggerhire.ui.profile.ProfileActivity"
101-->src/main/AndroidManifest.xml:61:13-55
102            android:exported="false"
102-->src/main/AndroidManifest.xml:62:13-37
103            android:theme="@style/Theme.RiggerHire.Dark" />
103-->src/main/AndroidManifest.xml:63:13-57
104        <activity
104-->src/main/AndroidManifest.xml:65:9-68:60
105            android:name="com.tiation.riggerhire.ui.onboarding.OnboardingWelcomeActivity"
105-->src/main/AndroidManifest.xml:66:13-68
106            android:exported="false"
106-->src/main/AndroidManifest.xml:67:13-37
107            android:theme="@style/Theme.RiggerHire.Dark" />
107-->src/main/AndroidManifest.xml:68:13-57
108        <activity
108-->src/main/AndroidManifest.xml:70:9-73:60
109            android:name="com.tiation.riggerhire.ui.onboarding.OnboardingPermissionsActivity"
109-->src/main/AndroidManifest.xml:71:13-72
110            android:exported="false"
110-->src/main/AndroidManifest.xml:72:13-37
111            android:theme="@style/Theme.RiggerHire.Dark" />
111-->src/main/AndroidManifest.xml:73:13-57
112        <activity
112-->[com.stripe:paymentsheet:20.25.0] AndroidManifest.xml:8:9-12:58
113            android:name="com.stripe.android.paymentsheet.PaymentSheetActivity"
113-->[com.stripe:paymentsheet:20.25.0] AndroidManifest.xml:9:13-80
114            android:exported="false"
114-->[com.stripe:paymentsheet:20.25.0] AndroidManifest.xml:10:13-37
115            android:theme="@style/StripePaymentSheetDefaultTheme"
115-->[com.stripe:paymentsheet:20.25.0] AndroidManifest.xml:11:13-66
116            android:windowSoftInputMode="adjustResize" />
116-->[com.stripe:paymentsheet:20.25.0] AndroidManifest.xml:12:13-55
117        <activity
117-->[com.stripe:paymentsheet:20.25.0] AndroidManifest.xml:13:9-17:58
118            android:name="com.stripe.android.paymentsheet.PaymentOptionsActivity"
118-->[com.stripe:paymentsheet:20.25.0] AndroidManifest.xml:14:13-82
119            android:exported="false"
119-->[com.stripe:paymentsheet:20.25.0] AndroidManifest.xml:15:13-37
120            android:theme="@style/StripePaymentSheetDefaultTheme"
120-->[com.stripe:paymentsheet:20.25.0] AndroidManifest.xml:16:13-66
121            android:windowSoftInputMode="adjustResize" />
121-->[com.stripe:paymentsheet:20.25.0] AndroidManifest.xml:17:13-55
122        <activity
122-->[com.stripe:paymentsheet:20.25.0] AndroidManifest.xml:18:9-21:69
123            android:name="com.stripe.android.paymentsheet.addresselement.AddressElementActivity"
123-->[com.stripe:paymentsheet:20.25.0] AndroidManifest.xml:19:13-97
124            android:exported="false"
124-->[com.stripe:paymentsheet:20.25.0] AndroidManifest.xml:20:13-37
125            android:theme="@style/StripePaymentSheetDefaultTheme" />
125-->[com.stripe:paymentsheet:20.25.0] AndroidManifest.xml:21:13-66
126        <activity
126-->[com.stripe:paymentsheet:20.25.0] AndroidManifest.xml:22:9-25:69
127            android:name="com.stripe.android.paymentsheet.paymentdatacollection.polling.PollingActivity"
127-->[com.stripe:paymentsheet:20.25.0] AndroidManifest.xml:23:13-105
128            android:exported="false"
128-->[com.stripe:paymentsheet:20.25.0] AndroidManifest.xml:24:13-37
129            android:theme="@style/StripePaymentSheetDefaultTheme" />
129-->[com.stripe:paymentsheet:20.25.0] AndroidManifest.xml:25:13-66
130        <activity
130-->[com.stripe:link:20.25.0] AndroidManifest.xml:8:9-13:58
131            android:name="com.stripe.android.link.LinkActivity"
131-->[com.stripe:link:20.25.0] AndroidManifest.xml:9:13-64
132            android:exported="false"
132-->[com.stripe:link:20.25.0] AndroidManifest.xml:10:13-37
133            android:label="@string/stripe_link"
133-->[com.stripe:link:20.25.0] AndroidManifest.xml:11:13-48
134            android:theme="@style/StripeLinkBaseTheme"
134-->[com.stripe:link:20.25.0] AndroidManifest.xml:12:13-55
135            android:windowSoftInputMode="adjustResize" />
135-->[com.stripe:link:20.25.0] AndroidManifest.xml:13:13-55
136        <activity
136-->[com.stripe:payments-ui-core:20.25.0] AndroidManifest.xml:8:9-11:69
137            android:name="com.stripe.android.ui.core.cardscan.CardScanActivity"
137-->[com.stripe:payments-ui-core:20.25.0] AndroidManifest.xml:9:13-80
138            android:exported="false"
138-->[com.stripe:payments-ui-core:20.25.0] AndroidManifest.xml:10:13-37
139            android:theme="@style/StripePaymentSheetDefaultTheme" />
139-->[com.stripe:payments-ui-core:20.25.0] AndroidManifest.xml:11:13-66
140        <activity
140-->[com.stripe:payments-core:20.25.0] AndroidManifest.xml:15:9-18:57
141            android:name="com.stripe.android.view.AddPaymentMethodActivity"
141-->[com.stripe:payments-core:20.25.0] AndroidManifest.xml:16:13-76
142            android:exported="false"
142-->[com.stripe:payments-core:20.25.0] AndroidManifest.xml:17:13-37
143            android:theme="@style/StripeDefaultTheme" />
143-->[com.stripe:payments-core:20.25.0] AndroidManifest.xml:18:13-54
144        <activity
144-->[com.stripe:payments-core:20.25.0] AndroidManifest.xml:19:9-22:57
145            android:name="com.stripe.android.view.PaymentMethodsActivity"
145-->[com.stripe:payments-core:20.25.0] AndroidManifest.xml:20:13-74
146            android:exported="false"
146-->[com.stripe:payments-core:20.25.0] AndroidManifest.xml:21:13-37
147            android:theme="@style/StripeDefaultTheme" />
147-->[com.stripe:payments-core:20.25.0] AndroidManifest.xml:22:13-54
148        <activity
148-->[com.stripe:payments-core:20.25.0] AndroidManifest.xml:23:9-26:57
149            android:name="com.stripe.android.view.PaymentFlowActivity"
149-->[com.stripe:payments-core:20.25.0] AndroidManifest.xml:24:13-71
150            android:exported="false"
150-->[com.stripe:payments-core:20.25.0] AndroidManifest.xml:25:13-37
151            android:theme="@style/StripeDefaultTheme" />
151-->[com.stripe:payments-core:20.25.0] AndroidManifest.xml:26:13-54
152        <activity
152-->[com.stripe:payments-core:20.25.0] AndroidManifest.xml:27:9-31:58
153            android:name="com.stripe.android.view.PaymentAuthWebViewActivity"
153-->[com.stripe:payments-core:20.25.0] AndroidManifest.xml:28:13-78
154            android:exported="false"
154-->[com.stripe:payments-core:20.25.0] AndroidManifest.xml:29:13-37
155            android:theme="@style/StripeDefaultTheme"
155-->[com.stripe:payments-core:20.25.0] AndroidManifest.xml:30:13-54
156            android:windowSoftInputMode="adjustResize" />
156-->[com.stripe:payments-core:20.25.0] AndroidManifest.xml:31:13-55
157        <activity
157-->[com.stripe:payments-core:20.25.0] AndroidManifest.xml:32:9-35:61
158            android:name="com.stripe.android.view.PaymentRelayActivity"
158-->[com.stripe:payments-core:20.25.0] AndroidManifest.xml:33:13-72
159            android:exported="false"
159-->[com.stripe:payments-core:20.25.0] AndroidManifest.xml:34:13-37
160            android:theme="@style/StripeTransparentTheme" />
160-->[com.stripe:payments-core:20.25.0] AndroidManifest.xml:35:13-58
161        <!--
162        Set android:launchMode="singleTop" so that the StripeBrowserLauncherActivity instance that
163        launched the browser Activity will also handle the return URL deep link.
164        -->
165        <activity
165-->[com.stripe:payments-core:20.25.0] AndroidManifest.xml:41:9-45:61
166            android:name="com.stripe.android.payments.StripeBrowserLauncherActivity"
166-->[com.stripe:payments-core:20.25.0] AndroidManifest.xml:42:13-85
167            android:exported="false"
167-->[com.stripe:payments-core:20.25.0] AndroidManifest.xml:43:13-37
168            android:launchMode="singleTask"
168-->[com.stripe:payments-core:20.25.0] AndroidManifest.xml:44:13-44
169            android:theme="@style/StripeTransparentTheme" />
169-->[com.stripe:payments-core:20.25.0] AndroidManifest.xml:45:13-58
170        <activity
170-->[com.stripe:payments-core:20.25.0] AndroidManifest.xml:46:9-63:20
171            android:name="com.stripe.android.payments.StripeBrowserProxyReturnActivity"
171-->[com.stripe:payments-core:20.25.0] AndroidManifest.xml:47:13-88
172            android:exported="true"
172-->[com.stripe:payments-core:20.25.0] AndroidManifest.xml:48:13-36
173            android:launchMode="singleTask"
173-->[com.stripe:payments-core:20.25.0] AndroidManifest.xml:49:13-44
174            android:theme="@style/StripeTransparentTheme" >
174-->[com.stripe:payments-core:20.25.0] AndroidManifest.xml:50:13-58
175            <intent-filter>
175-->[com.stripe:payments-core:20.25.0] AndroidManifest.xml:51:13-62:29
176                <action android:name="android.intent.action.VIEW" />
176-->[com.stripe:payments-core:20.25.0] AndroidManifest.xml:52:17-69
176-->[com.stripe:payments-core:20.25.0] AndroidManifest.xml:52:25-66
177
178                <category android:name="android.intent.category.DEFAULT" />
178-->[com.stripe:payments-core:20.25.0] AndroidManifest.xml:54:17-76
178-->[com.stripe:payments-core:20.25.0] AndroidManifest.xml:54:27-73
179                <category android:name="android.intent.category.BROWSABLE" />
179-->[com.stripe:payments-core:20.25.0] AndroidManifest.xml:55:17-78
179-->[com.stripe:payments-core:20.25.0] AndroidManifest.xml:55:27-75
180
181                <!-- Must match `DefaultReturnUrl#value`. -->
182                <data
182-->[com.stripe:payments-core:20.25.0] AndroidManifest.xml:58:17-61:50
183                    android:host="payment_return_url"
183-->[com.stripe:payments-core:20.25.0] AndroidManifest.xml:59:21-54
184                    android:path="/com.tiation.riggerhire"
184-->[com.stripe:payments-core:20.25.0] AndroidManifest.xml:60:21-53
185                    android:scheme="stripesdk" />
185-->[com.stripe:payments-core:20.25.0] AndroidManifest.xml:61:21-47
186            </intent-filter>
187        </activity>
188        <activity
188-->[com.stripe:payments-core:20.25.0] AndroidManifest.xml:64:9-67:57
189            android:name="com.stripe.android.payments.core.authentication.threeds2.Stripe3ds2TransactionActivity"
189-->[com.stripe:payments-core:20.25.0] AndroidManifest.xml:65:13-114
190            android:exported="false"
190-->[com.stripe:payments-core:20.25.0] AndroidManifest.xml:66:13-37
191            android:theme="@style/StripeDefaultTheme" />
191-->[com.stripe:payments-core:20.25.0] AndroidManifest.xml:67:13-54
192        <activity
192-->[com.stripe:payments-core:20.25.0] AndroidManifest.xml:68:9-71:66
193            android:name="com.stripe.android.googlepaylauncher.StripeGooglePayActivity"
193-->[com.stripe:payments-core:20.25.0] AndroidManifest.xml:69:13-88
194            android:exported="false"
194-->[com.stripe:payments-core:20.25.0] AndroidManifest.xml:70:13-37
195            android:theme="@style/StripeGooglePayDefaultTheme" />
195-->[com.stripe:payments-core:20.25.0] AndroidManifest.xml:71:13-63
196        <activity
196-->[com.stripe:payments-core:20.25.0] AndroidManifest.xml:72:9-75:66
197            android:name="com.stripe.android.googlepaylauncher.GooglePayLauncherActivity"
197-->[com.stripe:payments-core:20.25.0] AndroidManifest.xml:73:13-90
198            android:exported="false"
198-->[com.stripe:payments-core:20.25.0] AndroidManifest.xml:74:13-37
199            android:theme="@style/StripeGooglePayDefaultTheme" />
199-->[com.stripe:payments-core:20.25.0] AndroidManifest.xml:75:13-63
200        <activity
200-->[com.stripe:payments-core:20.25.0] AndroidManifest.xml:76:9-79:66
201            android:name="com.stripe.android.googlepaylauncher.GooglePayPaymentMethodLauncherActivity"
201-->[com.stripe:payments-core:20.25.0] AndroidManifest.xml:77:13-103
202            android:exported="false"
202-->[com.stripe:payments-core:20.25.0] AndroidManifest.xml:78:13-37
203            android:theme="@style/StripeGooglePayDefaultTheme" />
203-->[com.stripe:payments-core:20.25.0] AndroidManifest.xml:79:13-63
204        <activity
204-->[com.stripe:payments-core:20.25.0] AndroidManifest.xml:80:9-83:68
205            android:name="com.stripe.android.payments.paymentlauncher.PaymentLauncherConfirmationActivity"
205-->[com.stripe:payments-core:20.25.0] AndroidManifest.xml:81:13-107
206            android:exported="false"
206-->[com.stripe:payments-core:20.25.0] AndroidManifest.xml:82:13-37
207            android:theme="@style/StripePayLauncherDefaultTheme" />
207-->[com.stripe:payments-core:20.25.0] AndroidManifest.xml:83:13-65
208        <activity
208-->[com.stripe:payments-core:20.25.0] AndroidManifest.xml:84:9-87:61
209            android:name="com.stripe.android.payments.bankaccount.ui.CollectBankAccountActivity"
209-->[com.stripe:payments-core:20.25.0] AndroidManifest.xml:85:13-97
210            android:exported="false"
210-->[com.stripe:payments-core:20.25.0] AndroidManifest.xml:86:13-37
211            android:theme="@style/StripeTransparentTheme" />
211-->[com.stripe:payments-core:20.25.0] AndroidManifest.xml:87:13-58
212        <activity
212-->[com.stripe:stripe-3ds2-android:6.1.7] AndroidManifest.xml:8:9-11:54
213            android:name="com.stripe.android.stripe3ds2.views.ChallengeActivity"
213-->[com.stripe:stripe-3ds2-android:6.1.7] AndroidManifest.xml:9:13-81
214            android:exported="false"
214-->[com.stripe:stripe-3ds2-android:6.1.7] AndroidManifest.xml:10:13-37
215            android:theme="@style/Stripe3DS2Theme" />
215-->[com.stripe:stripe-3ds2-android:6.1.7] AndroidManifest.xml:11:13-51
216        <activity
216-->[com.stripe:financial-connections:20.25.0] AndroidManifest.xml:21:9-64:20
217            android:name="com.stripe.android.financialconnections.FinancialConnectionsSheetRedirectActivity"
217-->[com.stripe:financial-connections:20.25.0] AndroidManifest.xml:22:13-109
218            android:exported="true" >
218-->[com.stripe:financial-connections:20.25.0] AndroidManifest.xml:23:13-36
219            <intent-filter>
219-->[com.stripe:financial-connections:20.25.0] AndroidManifest.xml:24:13-63:29
220                <action android:name="android.intent.action.VIEW" />
220-->[com.stripe:payments-core:20.25.0] AndroidManifest.xml:52:17-69
220-->[com.stripe:payments-core:20.25.0] AndroidManifest.xml:52:25-66
221
222                <category android:name="android.intent.category.DEFAULT" />
222-->[com.stripe:payments-core:20.25.0] AndroidManifest.xml:54:17-76
222-->[com.stripe:payments-core:20.25.0] AndroidManifest.xml:54:27-73
223                <category android:name="android.intent.category.BROWSABLE" />
223-->[com.stripe:payments-core:20.25.0] AndroidManifest.xml:55:17-78
223-->[com.stripe:payments-core:20.25.0] AndroidManifest.xml:55:27-75
224
225                <!-- Returning from app2app: return_url is triggered to reopen web AuthFlow and poll accounts. -->
226                <data
226-->[com.stripe:payments-core:20.25.0] AndroidManifest.xml:58:17-61:50
227                    android:host="link-accounts"
227-->[com.stripe:payments-core:20.25.0] AndroidManifest.xml:59:21-54
228                    android:pathPrefix="/com.tiation.riggerhire/authentication_return"
229                    android:scheme="stripe-auth" />
229-->[com.stripe:payments-core:20.25.0] AndroidManifest.xml:61:21-47
230
231                <!-- Returning from app2app: return_url is triggered to reopen native AuthFlow and poll accounts. -->
232                <data
232-->[com.stripe:payments-core:20.25.0] AndroidManifest.xml:58:17-61:50
233                    android:host="link-native-accounts"
233-->[com.stripe:payments-core:20.25.0] AndroidManifest.xml:59:21-54
234                    android:pathPrefix="/com.tiation.riggerhire/authentication_return"
235                    android:scheme="stripe-auth" />
235-->[com.stripe:payments-core:20.25.0] AndroidManifest.xml:61:21-47
236
237                <!-- End of web AuthFlow success and cancel URIs that begin with "stripe-auth://link-accounts/{app-id}/...” -->
238                <data
238-->[com.stripe:payments-core:20.25.0] AndroidManifest.xml:58:17-61:50
239                    android:host="link-accounts"
239-->[com.stripe:payments-core:20.25.0] AndroidManifest.xml:59:21-54
240                    android:path="/com.tiation.riggerhire/success"
240-->[com.stripe:payments-core:20.25.0] AndroidManifest.xml:60:21-53
241                    android:scheme="stripe-auth" />
241-->[com.stripe:payments-core:20.25.0] AndroidManifest.xml:61:21-47
242                <data
242-->[com.stripe:payments-core:20.25.0] AndroidManifest.xml:58:17-61:50
243                    android:host="link-accounts"
243-->[com.stripe:payments-core:20.25.0] AndroidManifest.xml:59:21-54
244                    android:path="/com.tiation.riggerhire/cancel"
244-->[com.stripe:payments-core:20.25.0] AndroidManifest.xml:60:21-53
245                    android:scheme="stripe-auth" />
245-->[com.stripe:payments-core:20.25.0] AndroidManifest.xml:61:21-47
246
247                <!-- Opening app2app: Web flow triggers stripe-auth://native-redirect/{app-id}/http://web-that-redirects-to-native -->
248                <data
248-->[com.stripe:payments-core:20.25.0] AndroidManifest.xml:58:17-61:50
249                    android:host="native-redirect"
249-->[com.stripe:payments-core:20.25.0] AndroidManifest.xml:59:21-54
250                    android:pathPrefix="/com.tiation.riggerhire"
251                    android:scheme="stripe-auth" />
251-->[com.stripe:payments-core:20.25.0] AndroidManifest.xml:61:21-47
252
253                <!-- Accepts success/cancel/fail URIs that begin with "stripe://auth-redirect” -->
254                <data
254-->[com.stripe:payments-core:20.25.0] AndroidManifest.xml:58:17-61:50
255                    android:host="auth-redirect"
255-->[com.stripe:payments-core:20.25.0] AndroidManifest.xml:59:21-54
256                    android:pathPrefix="/com.tiation.riggerhire"
257                    android:scheme="stripe" />
257-->[com.stripe:payments-core:20.25.0] AndroidManifest.xml:61:21-47
258            </intent-filter>
259        </activity>
260        <activity
260-->[com.stripe:financial-connections:20.25.0] AndroidManifest.xml:65:9-68:57
261            android:name="com.stripe.android.financialconnections.FinancialConnectionsSheetActivity"
261-->[com.stripe:financial-connections:20.25.0] AndroidManifest.xml:66:13-101
262            android:exported="false"
262-->[com.stripe:financial-connections:20.25.0] AndroidManifest.xml:67:13-37
263            android:theme="@style/StripeDefaultTheme" />
263-->[com.stripe:financial-connections:20.25.0] AndroidManifest.xml:68:13-54
264        <activity
264-->[com.stripe:financial-connections:20.25.0] AndroidManifest.xml:69:9-73:58
265            android:name="com.stripe.android.financialconnections.ui.FinancialConnectionsSheetNativeActivity"
265-->[com.stripe:financial-connections:20.25.0] AndroidManifest.xml:70:13-110
266            android:exported="false"
266-->[com.stripe:financial-connections:20.25.0] AndroidManifest.xml:71:13-37
267            android:theme="@style/StripeDefaultTheme"
267-->[com.stripe:financial-connections:20.25.0] AndroidManifest.xml:72:13-54
268            android:windowSoftInputMode="adjustResize" />
268-->[com.stripe:financial-connections:20.25.0] AndroidManifest.xml:73:13-55
269
270        <provider
270-->[com.stripe:financial-connections:20.25.0] AndroidManifest.xml:75:9-79:43